<?xml version="1.0" encoding="UTF-8"?>
<TestRun id="42cc23b4-b2cd-4625-87d1-342f8cb13ec8" name="Harzog8@DARKNESS 2012-05-05 13:13:28" runUser="Darkness\Harzog8" xmlns="http://microsoft.com/schemas/VisualStudio/TeamTest/2010">
  <TestSettings name="Local" id="9d406bd9-cd06-4b33-8769-77004f269272">
    <Description>These are default test settings for a local test run.</Description>
    <Deployment enabled="false" runDeploymentRoot="Harzog8_DARKNESS 2012-05-05 13_13_28">
      <DeploymentItem filename="C:\Users\Harzog8\Desktop\HolaTDD\Calculadora\bin\Debug\Calculadora.dll" />
    </Deployment>
    <Execution>
      <TestTypeSpecific />
      <AgentRule name="Execution Agents">
      </AgentRule>
    </Execution>
  </TestSettings>
  <Times creation="2012-05-05T13:13:28.1609802-05:00" queuing="2012-05-05T13:13:29.8540770-05:00" start="2012-05-05T13:13:30.0070858-05:00" finish="2012-05-05T13:13:31.1071487-05:00" />
  <ResultSummary outcome="Failed">
    <Counters total="1" executed="1" error="0" failed="1" timeout="0" aborted="0" inconclusive="0" passedButRunAborted="0" notRunnable="0" notExecuted="0" disconnected="0" warning="0" passed="0" completed="0" inProgress="0" pending="0" />
  </ResultSummary>
  <TestDefinitions>
    <UnitTest name="SumarDosNumeros" storage="c:\users\harzog8\desktop\holatdd\calculadora.test\bin\debug\calculadora.test.dll" id="5a548ab0-37a5-58f0-b174-fa2c5b4167f9">
      <Execution id="d2b31e63-059d-430e-9acd-850577d09044" />
      <TestMethod codeBase="C:/Users/Harzog8/Desktop/HolaTDD/Calculadora.Test/bin/Debug/Calculadora.Test.DLL" adapterTypeName="Microsoft.VisualStudio.TestTools.TestTypes.Unit.UnitTestAdapter, Microsoft.VisualStudio.QualityTools.Tips.UnitTest.Adapter, Version=10.0.0.0, Culture=neutral, PublicKeyToken=b03f5f7f11d50a3a" className="Calculadora.Test.CalculadoraTest, Calculadora.Test, Version=1.0.0.0, Culture=neutral, PublicKeyToken=null" name="SumarDosNumeros" />
    </UnitTest>
  </TestDefinitions>
  <TestLists>
    <TestList name="Results Not in a List" id="8c84fa94-04c1-424b-9868-57a2d4851a1d" />
    <TestList name="All Loaded Results" id="19431567-8539-422a-85d7-44ee4e166bda" />
  </TestLists>
  <TestEntries>
    <TestEntry testId="5a548ab0-37a5-58f0-b174-fa2c5b4167f9" executionId="d2b31e63-059d-430e-9acd-850577d09044" testListId="8c84fa94-04c1-424b-9868-57a2d4851a1d" />
  </TestEntries>
  <Results>
    <UnitTestResult executionId="d2b31e63-059d-430e-9acd-850577d09044" testId="5a548ab0-37a5-58f0-b174-fa2c5b4167f9" testName="SumarDosNumeros" computerName="DARKNESS" duration="00:00:00.1299920" startTime="2012-05-05T13:13:30.1970966-05:00" endTime="2012-05-05T13:13:30.9731410-05:00" testType="13cdc9d9-ddb5-4fa4-a97d-d965ccfc6d4b" outcome="Failed" testListId="8c84fa94-04c1-424b-9868-57a2d4851a1d" relativeResultsDirectory="d2b31e63-059d-430e-9acd-850577d09044">
      <Output>
        <ErrorInfo>
          <Message>Test method Calculadora.Test.CalculadoraTest.SumarDosNumeros threw exception: 
System.NotImplementedException: No se puede implementar el método o la operación.</Message>
          <StackTrace>    en Calculadora.Operacion.Sumar(Int32 p, Int32 p_2) en C:\Users\Harzog8\Desktop\HolaTDD\Calculadora\Operacion.cs:línea 13
   en Calculadora.Test.CalculadoraTest.SumarDosNumeros() en C:\Users\Harzog8\Desktop\HolaTDD\Calculadora.Test\CalculadoraTest.cs:línea 17
</StackTrace>
        </ErrorInfo>
      </Output>
    </UnitTestResult>
  </Results>
</TestRun>