<?xml version="1.0" encoding="UTF-8"?>
<TestRun id="72c98529-9f16-417d-970e-91d994233ee7" name="Harzog8@DARKNESS 2012-05-05 13:19:00" runUser="Darkness\Harzog8" xmlns="http://microsoft.com/schemas/VisualStudio/TeamTest/2010">
  <TestSettings name="Local" id="9d406bd9-cd06-4b33-8769-77004f269272">
    <Description>These are default test settings for a local test run.</Description>
    <Deployment enabled="false" runDeploymentRoot="Harzog8_DARKNESS 2012-05-05 13_19_00">
      <DeploymentItem filename="C:\Users\Harzog8\Desktop\HolaTDD\Calculadora\bin\Debug\Calculadora.dll" />
    </Deployment>
    <Execution>
      <TestTypeSpecific />
      <AgentRule name="Execution Agents">
      </AgentRule>
    </Execution>
  </TestSettings>
  <Times creation="2012-05-05T13:19:00.7840051-05:00" queuing="2012-05-05T13:19:00.8880111-05:00" start="2012-05-05T13:19:00.9190128-05:00" finish="2012-05-05T13:19:01.3760390-05:00" />
  <ResultSummary outcome="Failed">
    <Counters total="1" executed="1" error="0" failed="1" timeout="0" aborted="0" inconclusive="0" passedButRunAborted="0" notRunnable="0" notExecuted="0" disconnected="0" warning="0" passed="0" completed="0" inProgress="0" pending="0" />
  </ResultSummary>
  <TestDefinitions>
    <UnitTest name="SumarDosNumeros" storage="c:\users\harzog8\desktop\holatdd\calculadora.test\bin\debug\calculadora.test.dll" id="5a548ab0-37a5-58f0-b174-fa2c5b4167f9">
      <Execution id="edb9ff9b-49c4-455c-aef9-213ea112e3eb" />
      <TestMethod codeBase="C:/Users/Harzog8/Desktop/HolaTDD/Calculadora.Test/bin/Debug/Calculadora.Test.DLL" adapterTypeName="Microsoft.VisualStudio.TestTools.TestTypes.Unit.UnitTestAdapter, Microsoft.VisualStudio.QualityTools.Tips.UnitTest.Adapter, Version=10.0.0.0, Culture=neutral, PublicKeyToken=b03f5f7f11d50a3a" className="Calculadora.Test.CalculadoraTest, Calculadora.Test, Version=1.0.0.0, Culture=neutral, PublicKeyToken=null" name="SumarDosNumeros" />
    </UnitTest>
  </TestDefinitions>
  <TestLists>
    <TestList name="Results Not in a List" id="8c84fa94-04c1-424b-9868-57a2d4851a1d" />
    <TestList name="All Loaded Results" id="19431567-8539-422a-85d7-44ee4e166bda" />
  </TestLists>
  <TestEntries>
    <TestEntry testId="5a548ab0-37a5-58f0-b174-fa2c5b4167f9" executionId="edb9ff9b-49c4-455c-aef9-213ea112e3eb" testListId="8c84fa94-04c1-424b-9868-57a2d4851a1d" />
  </TestEntries>
  <Results>
    <UnitTestResult executionId="edb9ff9b-49c4-455c-aef9-213ea112e3eb" testId="5a548ab0-37a5-58f0-b174-fa2c5b4167f9" testName="SumarDosNumeros" computerName="DARKNESS" duration="00:00:00.0430715" startTime="2012-05-05T13:19:00.9960172-05:00" endTime="2012-05-05T13:19:01.3390369-05:00" testType="13cdc9d9-ddb5-4fa4-a97d-d965ccfc6d4b" outcome="Failed" testListId="8c84fa94-04c1-424b-9868-57a2d4851a1d" relativeResultsDirectory="edb9ff9b-49c4-455c-aef9-213ea112e3eb">
      <Output>
        <ErrorInfo>
          <Message>Test method Calculadora.Test.CalculadoraTest.SumarDosNumeros threw exception: 
System.NotImplementedException: No se puede implementar el método o la operación.</Message>
          <StackTrace>    en Calculadora.Operacion.Sumar(Int32 p, Int32 p_2) en C:\Users\Harzog8\Desktop\HolaTDD\Calculadora\Operacion.cs:línea 13
   en Calculadora.Test.CalculadoraTest.SumarDosNumeros() en C:\Users\Harzog8\Desktop\HolaTDD\Calculadora.Test\CalculadoraTest.cs:línea 14
</StackTrace>
        </ErrorInfo>
      </Output>
    </UnitTestResult>
  </Results>
</TestRun>